Health:
{
  "status": "ok"
}

Docs head:
HTTP/1.1 200 OK
Content-Type: text/html; charset=utf-8
Vary: Origin
X-Request-Id: 73f50724-38b5-4c8d-81b2-8d2838579047
Date: Fri, 05 Sep 2025 23:23:04 GMT

Metrics sample:
# HELP go_gc_duration_seconds A summary of the wall-time pause (stop-the-world) duration in garbage collection cycles.
# TYPE go_gc_duration_seconds summary
go_gc_duration_seconds{quantile="0"} 0
go_gc_duration_seconds{quantile="0.25"} 0
go_gc_duration_seconds{quantile="0.5"} 0
go_gc_duration_seconds{quantile="0.75"} 0
go_gc_duration_seconds{quantile="1"} 0
go_gc_duration_seconds_sum 0
go_gc_duration_seconds_count 0
# HELP go_gc_gogc_percent Heap size target percentage configured by the user, otherwise 100. This value is set by the GOGC environment variable, and the runtime/debug.SetGCPercent function. Sourced from /gc/gogc:percent.
curl: (23) Failure writing output to destination

Optimize demo:
{
  "type": "about:blank",
  "title": "Plan routes failed",
  "status": 500,
  "detail": "ERROR: relation \"stops\" does not exist (SQLSTATE 42P01)",
  "instance": "/v1/optimize"
}
