Health:
{
  "status": "ok"
}

Docs head:
HTTP/1.1 200 OK
Content-Type: text/html; charset=utf-8
Vary: Origin
X-Request-Id: 2f0b26cb-61af-4080-b747-65e603a364b7
Date: Fri, 05 Sep 2025 23:19:13 GMT

Metrics sample:
# HELP go_gc_duration_seconds A summary of the wall-time pause (stop-the-world) duration in garbage collection cycles.
# TYPE go_gc_duration_seconds summary
go_gc_duration_seconds{quantile="0"} 5.3656e-05
go_gc_duration_seconds{quantile="0.25"} 5.3656e-05
go_gc_duration_seconds{quantile="0.5"} 5.3656e-05
go_gc_duration_seconds{quantile="0.75"} 5.3656e-05
go_gc_duration_seconds{quantile="1"} 5.3656e-05
go_gc_duration_seconds_sum 5.3656e-05
go_gc_duration_seconds_count 1
# HELP go_gc_gogc_percent Heap size target percentage configured by the user, otherwise 100. This value is set by the GOGC environment variable, and the runtime/debug.SetGCPercent function. Sourced from /gc/gogc:percent.

Optimize demo:
{
  "type": "about:blank",
  "title": "Plan routes failed",
  "status": 500,
  "detail": "ERROR: relation \"stops\" does not exist (SQLSTATE 42P01)",
  "instance": "/v1/optimize"
}
