Health:
{
  "status": "ok"
}

Docs head:
HTTP/1.1 200 OK
Content-Type: text/html; charset=utf-8
Vary: Origin
X-Request-Id: dd955180-d555-499b-9710-8b1f2a5f4ac9
Date: Fri, 05 Sep 2025 23:15:31 GMT

Metrics sample:
# HELP go_gc_duration_seconds A summary of the wall-time pause (stop-the-world) duration in garbage collection cycles.
# TYPE go_gc_duration_seconds summary
go_gc_duration_seconds{quantile="0"} 8.6301e-05
go_gc_duration_seconds{quantile="0.25"} 8.6301e-05
go_gc_duration_seconds{quantile="0.5"} 8.6301e-05
go_gc_duration_seconds{quantile="0.75"} 8.6301e-05
go_gc_duration_seconds{quantile="1"} 8.6301e-05
go_gc_duration_seconds_sum 8.6301e-05
go_gc_duration_seconds_count 1
# HELP go_gc_gogc_percent Heap size target percentage configured by the user, otherwise 100. This value is set by the GOGC environment variable, and the runtime/debug.SetGCPercent function. Sourced from /gc/gogc:percent.

Optimize demo:
{
  "type": "about:blank",
  "title": "Plan routes failed",
  "status": 500,
  "detail": "ERROR: relation \"stops\" does not exist (SQLSTATE 42P01)",
  "instance": "/v1/optimize"
}
